<?xml version="1.0" encoding="UTF-8" ?>
<testsuite tests="17" failures="17" name="com.training.epam.ticketservice.at.TestExecutor" time="2.894" errors="0" skipped="0">
  <properties>
    <property name="java.runtime.name" value="OpenJDK Runtime Environment"/>
    <property name="java.vm.version" value="17.0.4+8-LTS"/>
    <property name="sun.boot.library.path" value="/home/mate/.sdkman/candidates/java/17.0.4-amzn/lib"/>
    <property name="maven.multiModuleProjectDirectory" value="/mnt/c/Users/Máté/Desktop/Projektek/Java-HW/final"/>
    <property name="java.vm.vendor" value="Amazon.com Inc."/>
    <property name="java.vendor.url" value="https://aws.amazon.com/corretto/"/>
    <property name="guice.disable.misplaced.annotation.check" value="true"/>
    <property name="path.separator" value=":"/>
    <property name="java.vm.name" value="OpenJDK 64-Bit Server VM"/>
    <property name="sun.java.launcher" value="SUN_STANDARD"/>
    <property name="java.vm.specification.name" value="Java Virtual Machine Specification"/>
    <property name="user.dir" value="/mnt/c/Users/Máté/Desktop/Projektek/Java-HW/final"/>
    <property name="java.vm.compressedOopsMode" value="32-bit"/>
    <property name="java.runtime.version" value="17.0.4+8-LTS"/>
    <property name="os.arch" value="amd64"/>
    <property name="java.io.tmpdir" value="/tmp"/>
    <property name="line.separator" value="
"/>
    <property name="java.vm.specification.vendor" value="Oracle Corporation"/>
    <property name="os.name" value="Linux"/>
    <property name="classworlds.conf" value="/home/mate/.sdkman/candidates/maven/current/bin/m2.conf"/>
    <property name="sun.jnu.encoding" value="UTF-8"/>
    <property name="java.library.path" value="/usr/java/packages/lib:/usr/lib64:/lib64:/lib:/usr/lib"/>
    <property name="maven.conf" value="/home/mate/.sdkman/candidates/maven/current/conf"/>
    <property name="jdk.debug" value="release"/>
    <property name="java.class.version" value="61.0"/>
    <property name="java.specification.name" value="Java Platform API Specification"/>
    <property name="sun.management.compiler" value="HotSpot 64-Bit Tiered Compilers"/>
    <property name="os.version" value="5.10.16.3-microsoft-standard-WSL2"/>
    <property name="library.jansi.path" value="/home/mate/.sdkman/candidates/maven/current/lib/jansi-native"/>
    <property name="user.home" value="/home/mate"/>
    <property name="user.timezone" value="Europe/Budapest"/>
    <property name="file.encoding" value="UTF-8"/>
    <property name="java.specification.version" value="17"/>
    <property name="user.name" value="mate"/>
    <property name="java.class.path" value="/home/mate/.sdkman/candidates/maven/current/boot/plexus-classworlds-2.6.0.jar"/>
    <property name="java.vm.specification.version" value="17"/>
    <property name="sun.arch.data.model" value="64"/>
    <property name="sun.java.command" value="org.codehaus.plexus.classworlds.launcher.Launcher clean verify"/>
    <property name="java.home" value="/home/mate/.sdkman/candidates/java/17.0.4-amzn"/>
    <property name="user.language" value="en"/>
    <property name="java.specification.vendor" value="Oracle Corporation"/>
    <property name="java.vm.info" value="mixed mode, sharing"/>
    <property name="java.version" value="17.0.4"/>
    <property name="native.encoding" value="UTF-8"/>
    <property name="java.vendor" value="Amazon.com Inc."/>
    <property name="sun.stderr.encoding" value="UTF-8"/>
    <property name="maven.home" value="/home/mate/.sdkman/candidates/maven/current"/>
    <property name="file.separator" value="/"/>
    <property name="java.version.date" value="2022-07-19"/>
    <property name="java.vendor.url.bug" value="https://github.com/corretto/corretto-17/issues/"/>
    <property name="sun.io.unicode.encoding" value="UnicodeLittle"/>
    <property name="sun.cpu.endian" value="little"/>
    <property name="java.vendor.version" value="Corretto-17.0.4.8.1"/>
    <property name="sun.stdout.encoding" value="UTF-8"/>
  </properties>
  <testcase classname="allow creating accounts and logging in" name="the admin account exists by default and can be logged in with the correct password" time="0.414">
    <failure message="The service is not running." type="java.lang.AssertionError">java.lang.AssertionError: The service is not running.
	at com.training.epam.ticketservice.at.ProcessUnderTest.verifyProcessIsRunning(ProcessUnderTest.java:92)
	at com.training.epam.ticketservice.at.ProcessUnderTest.run(ProcessUnderTest.java:37)
	at com.training.epam.ticketservice.at.GenericCliProcessStepDefs.applicationStarted(GenericCliProcessStepDefs.java:27)
	at ✽.the application is started(file:///mnt/c/Users/M%C3%A1t%C3%A9/Desktop/Projektek/Java-HW/final/ticket-service-acceptance-tests/src/test/resources/features/accounts.feature:4)
</failure>
  </testcase>
  <testcase classname="allow creating accounts and logging in" name="the admin account can be signed out" time="0.156">
    <failure message="The service is not running." type="java.lang.AssertionError">java.lang.AssertionError: The service is not running.
	at com.training.epam.ticketservice.at.ProcessUnderTest.verifyProcessIsRunning(ProcessUnderTest.java:92)
	at com.training.epam.ticketservice.at.ProcessUnderTest.run(ProcessUnderTest.java:37)
	at com.training.epam.ticketservice.at.GenericCliProcessStepDefs.applicationStarted(GenericCliProcessStepDefs.java:27)
	at ✽.the application is started(file:///mnt/c/Users/M%C3%A1t%C3%A9/Desktop/Projektek/Java-HW/final/ticket-service-acceptance-tests/src/test/resources/features/accounts.feature:4)
</failure>
  </testcase>
  <testcase classname="allow creating accounts and logging in" name="the admin account can not be logged in with incorrect password" time="0.155">
    <failure message="The service is not running." type="java.lang.AssertionError">java.lang.AssertionError: The service is not running.
	at com.training.epam.ticketservice.at.ProcessUnderTest.verifyProcessIsRunning(ProcessUnderTest.java:92)
	at com.training.epam.ticketservice.at.ProcessUnderTest.run(ProcessUnderTest.java:37)
	at com.training.epam.ticketservice.at.GenericCliProcessStepDefs.applicationStarted(GenericCliProcessStepDefs.java:27)
	at ✽.the application is started(file:///mnt/c/Users/M%C3%A1t%C3%A9/Desktop/Projektek/Java-HW/final/ticket-service-acceptance-tests/src/test/resources/features/accounts.feature:4)
</failure>
  </testcase>
  <testcase classname="allows creating movie descriptions" name="an admin user can create and list movies" time="0.155">
    <failure message="The service is not running." type="java.lang.AssertionError">java.lang.AssertionError: The service is not running.
	at com.training.epam.ticketservice.at.ProcessUnderTest.verifyProcessIsRunning(ProcessUnderTest.java:92)
	at com.training.epam.ticketservice.at.ProcessUnderTest.run(ProcessUnderTest.java:37)
	at com.training.epam.ticketservice.at.GenericCliProcessStepDefs.applicationStarted(GenericCliProcessStepDefs.java:27)
	at ✽.the application is started(file:///mnt/c/Users/M%C3%A1t%C3%A9/Desktop/Projektek/Java-HW/final/ticket-service-acceptance-tests/src/test/resources/features/movies.feature:3)
</failure>
  </testcase>
  <testcase classname="allows creating movie descriptions" name="an admin user can update a movie" time="0.155">
    <failure message="The service is not running." type="java.lang.AssertionError">java.lang.AssertionError: The service is not running.
	at com.training.epam.ticketservice.at.ProcessUnderTest.verifyProcessIsRunning(ProcessUnderTest.java:92)
	at com.training.epam.ticketservice.at.ProcessUnderTest.run(ProcessUnderTest.java:37)
	at com.training.epam.ticketservice.at.GenericCliProcessStepDefs.applicationStarted(GenericCliProcessStepDefs.java:27)
	at ✽.the application is started(file:///mnt/c/Users/M%C3%A1t%C3%A9/Desktop/Projektek/Java-HW/final/ticket-service-acceptance-tests/src/test/resources/features/movies.feature:3)
</failure>
  </testcase>
  <testcase classname="allows creating movie descriptions" name="an admin user can delete a movie" time="0.155">
    <failure message="The service is not running." type="java.lang.AssertionError">java.lang.AssertionError: The service is not running.
	at com.training.epam.ticketservice.at.ProcessUnderTest.verifyProcessIsRunning(ProcessUnderTest.java:92)
	at com.training.epam.ticketservice.at.ProcessUnderTest.run(ProcessUnderTest.java:37)
	at com.training.epam.ticketservice.at.GenericCliProcessStepDefs.applicationStarted(GenericCliProcessStepDefs.java:27)
	at ✽.the application is started(file:///mnt/c/Users/M%C3%A1t%C3%A9/Desktop/Projektek/Java-HW/final/ticket-service-acceptance-tests/src/test/resources/features/movies.feature:3)
</failure>
  </testcase>
  <testcase classname="allows creating movie descriptions" name="an unauthenticated user can list movies" time="0.155">
    <failure message="The service is not running." type="java.lang.AssertionError">java.lang.AssertionError: The service is not running.
	at com.training.epam.ticketservice.at.ProcessUnderTest.verifyProcessIsRunning(ProcessUnderTest.java:92)
	at com.training.epam.ticketservice.at.ProcessUnderTest.run(ProcessUnderTest.java:37)
	at com.training.epam.ticketservice.at.GenericCliProcessStepDefs.applicationStarted(GenericCliProcessStepDefs.java:27)
	at ✽.the application is started(file:///mnt/c/Users/M%C3%A1t%C3%A9/Desktop/Projektek/Java-HW/final/ticket-service-acceptance-tests/src/test/resources/features/movies.feature:3)
</failure>
  </testcase>
  <testcase classname="allow creating, reading, updating and deleting rooms where the screenings will happen" name="an admin user can create and list rooms" time="0.155">
    <failure message="The service is not running." type="java.lang.AssertionError">java.lang.AssertionError: The service is not running.
	at com.training.epam.ticketservice.at.ProcessUnderTest.verifyProcessIsRunning(ProcessUnderTest.java:92)
	at com.training.epam.ticketservice.at.ProcessUnderTest.run(ProcessUnderTest.java:37)
	at com.training.epam.ticketservice.at.GenericCliProcessStepDefs.applicationStarted(GenericCliProcessStepDefs.java:27)
	at ✽.the application is started(file:///mnt/c/Users/M%C3%A1t%C3%A9/Desktop/Projektek/Java-HW/final/ticket-service-acceptance-tests/src/test/resources/features/rooms.feature:4)
</failure>
  </testcase>
  <testcase classname="allow creating, reading, updating and deleting rooms where the screenings will happen" name="an admin user can update a room" time="0.155">
    <failure message="The service is not running." type="java.lang.AssertionError">java.lang.AssertionError: The service is not running.
	at com.training.epam.ticketservice.at.ProcessUnderTest.verifyProcessIsRunning(ProcessUnderTest.java:92)
	at com.training.epam.ticketservice.at.ProcessUnderTest.run(ProcessUnderTest.java:37)
	at com.training.epam.ticketservice.at.GenericCliProcessStepDefs.applicationStarted(GenericCliProcessStepDefs.java:27)
	at ✽.the application is started(file:///mnt/c/Users/M%C3%A1t%C3%A9/Desktop/Projektek/Java-HW/final/ticket-service-acceptance-tests/src/test/resources/features/rooms.feature:4)
</failure>
  </testcase>
  <testcase classname="allow creating, reading, updating and deleting rooms where the screenings will happen" name="an admin user can delete a room" time="0.155">
    <failure message="The service is not running." type="java.lang.AssertionError">java.lang.AssertionError: The service is not running.
	at com.training.epam.ticketservice.at.ProcessUnderTest.verifyProcessIsRunning(ProcessUnderTest.java:92)
	at com.training.epam.ticketservice.at.ProcessUnderTest.run(ProcessUnderTest.java:37)
	at com.training.epam.ticketservice.at.GenericCliProcessStepDefs.applicationStarted(GenericCliProcessStepDefs.java:27)
	at ✽.the application is started(file:///mnt/c/Users/M%C3%A1t%C3%A9/Desktop/Projektek/Java-HW/final/ticket-service-acceptance-tests/src/test/resources/features/rooms.feature:4)
</failure>
  </testcase>
  <testcase classname="allow creating, reading, updating and deleting rooms where the screenings will happen" name="an unauthenticated user can list rooms" time="0.154">
    <failure message="The service is not running." type="java.lang.AssertionError">java.lang.AssertionError: The service is not running.
	at com.training.epam.ticketservice.at.ProcessUnderTest.verifyProcessIsRunning(ProcessUnderTest.java:92)
	at com.training.epam.ticketservice.at.ProcessUnderTest.run(ProcessUnderTest.java:37)
	at com.training.epam.ticketservice.at.GenericCliProcessStepDefs.applicationStarted(GenericCliProcessStepDefs.java:27)
	at ✽.the application is started(file:///mnt/c/Users/M%C3%A1t%C3%A9/Desktop/Projektek/Java-HW/final/ticket-service-acceptance-tests/src/test/resources/features/rooms.feature:4)
</failure>
  </testcase>
  <testcase classname="allows creating, deleting and listing screenings" name="The admin user can create and query screenings" time="0.155">
    <failure message="The service is not running." type="java.lang.AssertionError">java.lang.AssertionError: The service is not running.
	at com.training.epam.ticketservice.at.ProcessUnderTest.verifyProcessIsRunning(ProcessUnderTest.java:92)
	at com.training.epam.ticketservice.at.ProcessUnderTest.run(ProcessUnderTest.java:37)
	at com.training.epam.ticketservice.at.GenericCliProcessStepDefs.applicationStarted(GenericCliProcessStepDefs.java:27)
	at ✽.the application is started(file:///mnt/c/Users/M%C3%A1t%C3%A9/Desktop/Projektek/Java-HW/final/ticket-service-acceptance-tests/src/test/resources/features/screenings.feature:3)
</failure>
  </testcase>
  <testcase classname="allows creating, deleting and listing screenings" name="The admin can not create overlapping screenings in the same room" time="0.154">
    <failure message="The service is not running." type="java.lang.AssertionError">java.lang.AssertionError: The service is not running.
	at com.training.epam.ticketservice.at.ProcessUnderTest.verifyProcessIsRunning(ProcessUnderTest.java:92)
	at com.training.epam.ticketservice.at.ProcessUnderTest.run(ProcessUnderTest.java:37)
	at com.training.epam.ticketservice.at.GenericCliProcessStepDefs.applicationStarted(GenericCliProcessStepDefs.java:27)
	at ✽.the application is started(file:///mnt/c/Users/M%C3%A1t%C3%A9/Desktop/Projektek/Java-HW/final/ticket-service-acceptance-tests/src/test/resources/features/screenings.feature:3)
</failure>
  </testcase>
  <testcase classname="allows creating, deleting and listing screenings" name="The admin can create overlapping screenings in different rooms" time="0.155">
    <failure message="The service is not running." type="java.lang.AssertionError">java.lang.AssertionError: The service is not running.
	at com.training.epam.ticketservice.at.ProcessUnderTest.verifyProcessIsRunning(ProcessUnderTest.java:92)
	at com.training.epam.ticketservice.at.ProcessUnderTest.run(ProcessUnderTest.java:37)
	at com.training.epam.ticketservice.at.GenericCliProcessStepDefs.applicationStarted(GenericCliProcessStepDefs.java:27)
	at ✽.the application is started(file:///mnt/c/Users/M%C3%A1t%C3%A9/Desktop/Projektek/Java-HW/final/ticket-service-acceptance-tests/src/test/resources/features/screenings.feature:3)
</failure>
  </testcase>
  <testcase classname="allows creating, deleting and listing screenings" name="The admin can not create screenings during a 10 minute long breaks after another screening in the same room" time="0.155">
    <failure message="The service is not running." type="java.lang.AssertionError">java.lang.AssertionError: The service is not running.
	at com.training.epam.ticketservice.at.ProcessUnderTest.verifyProcessIsRunning(ProcessUnderTest.java:92)
	at com.training.epam.ticketservice.at.ProcessUnderTest.run(ProcessUnderTest.java:37)
	at com.training.epam.ticketservice.at.GenericCliProcessStepDefs.applicationStarted(GenericCliProcessStepDefs.java:27)
	at ✽.the application is started(file:///mnt/c/Users/M%C3%A1t%C3%A9/Desktop/Projektek/Java-HW/final/ticket-service-acceptance-tests/src/test/resources/features/screenings.feature:3)
</failure>
  </testcase>
  <testcase classname="allows creating, deleting and listing screenings" name="The admin can create screenings even if there is a break after a screening in a different room" time="0.157">
    <failure message="The service is not running." type="java.lang.AssertionError">java.lang.AssertionError: The service is not running.
	at com.training.epam.ticketservice.at.ProcessUnderTest.verifyProcessIsRunning(ProcessUnderTest.java:92)
	at com.training.epam.ticketservice.at.ProcessUnderTest.run(ProcessUnderTest.java:37)
	at com.training.epam.ticketservice.at.GenericCliProcessStepDefs.applicationStarted(GenericCliProcessStepDefs.java:27)
	at ✽.the application is started(file:///mnt/c/Users/M%C3%A1t%C3%A9/Desktop/Projektek/Java-HW/final/ticket-service-acceptance-tests/src/test/resources/features/screenings.feature:3)
</failure>
  </testcase>
  <testcase classname="allows creating, deleting and listing screenings" name="The admin user can delete screenings" time="0.154">
    <failure message="The service is not running." type="java.lang.AssertionError">java.lang.AssertionError: The service is not running.
	at com.training.epam.ticketservice.at.ProcessUnderTest.verifyProcessIsRunning(ProcessUnderTest.java:92)
	at com.training.epam.ticketservice.at.ProcessUnderTest.run(ProcessUnderTest.java:37)
	at com.training.epam.ticketservice.at.GenericCliProcessStepDefs.applicationStarted(GenericCliProcessStepDefs.java:27)
	at ✽.the application is started(file:///mnt/c/Users/M%C3%A1t%C3%A9/Desktop/Projektek/Java-HW/final/ticket-service-acceptance-tests/src/test/resources/features/screenings.feature:3)
</failure>
  </testcase>
</testsuite>